Using pre-set license
Built from 'master' branch; Version is '2020.3.36f1 (71f96b79b9f0) revision 7469419'; Using compiler version '192528614'; Build Type 'Release'
OS: 'Windows 10  (10.0.19044) 64bit CoreSingleLanguage' Language: 'tr' Physical Memory: 16304 MB
BatchMode: 1, IsHumanControllingUs: 0, StartBugReporterOnCrash: 0, Is64bit: 1, IsPro: 0

COMMAND LINE ARGUMENTS:
C:\Program Files\Unity\Hub\Editor\2020.3.36f1\Editor\Unity.exe
-adb2
-batchMode
-noUpm
-name
AssetImportWorker0
-projectPath
C:/Users/onura/Desktop/UNİTY/BreakaBrick
-logFile
Logs/AssetImportWorker0.log
-srvPort
58381
Successfully changed project path to: C:/Users/onura/Desktop/UNİTY/BreakaBrick
C:/Users/onura/Desktop/UNİTY/BreakaBrick
Using Asset Import Pipeline V2.
Refreshing native plugins compatible for Editor in 61.62 ms, found 3 plugins.
Preloading 0 native plugins for Editor in 0.00 ms.
Initialize engine version: 2020.3.36f1 (71f96b79b9f0)
[Subsystems] Discovering subsystems at path C:/Program Files/Unity/Hub/Editor/2020.3.36f1/Editor/Data/Resources/UnitySubsystems
[Subsystems] Discovering subsystems at path C:/Users/onura/Desktop/UNİTY/BreakaBrick/Assets
GfxDevice: creating device client; threaded=0
Direct3D:
    Version:  Direct3D 11.0 [level 11.1]
    Renderer: NVIDIA GeForce GTX 1050 Ti (ID=0x1c8c)
    Vendor:   
    VRAM:     4021 MB
    Driver:   31.0.15.1640
Initialize mono
Mono path[0] = 'C:/Program Files/Unity/Hub/Editor/2020.3.36f1/Editor/Data/Managed'
Mono path[1] = 'C:/Program Files/Unity/Hub/Editor/2020.3.36f1/Editor/Data/MonoBleedingEdge/lib/mono/unityjit'
Mono config path = 'C:/Program Files/Unity/Hub/Editor/2020.3.36f1/Editor/Data/MonoBleedingEdge/etc'
Using monoOptions --debugger-agent=transport=dt_socket,embedding=1,server=y,suspend=n,address=127.0.0.1:56988
Begin MonoManager ReloadAssembly
Registering precompiled unity dll's ...
Trying to register platform support module: C:/Program Files/Unity/Hub/Editor/2020.3.36f1/Editor/Data/PlaybackEngines/WebGLSupport/UnityEditor.WebGL.Extensions.dll (that doesn't exist). Retrying without overrides.
Platform support module is not available: C:/Program Files/Unity/Hub/Editor/2020.3.36f1/Editor/Data/PlaybackEngines/WebGLSupport/UnityEditor.WebGL.Extensions.dll
Register platform support module: C:/Program Files/Unity/Hub/Editor/2020.3.36f1/Editor/Data/PlaybackEngines/WindowsStandaloneSupport/UnityEditor.WindowsStandalone.Extensions.dll
Registered in 0.008644 seconds.
Native extension for WindowsStandalone target not found
Refreshing native plugins compatible for Editor in 57.46 ms, found 3 plugins.
Preloading 0 native plugins for Editor in 0.00 ms.
Mono: successfully reloaded assembly
- Completed reload, in  0.980 seconds
Domain Reload Profiling:
	ReloadAssembly (981ms)
		BeginReloadAssembly (135ms)
			ExecutionOrderSort (0ms)
			DisableScriptedObjects (0ms)
			BackupInstance (0ms)
			ReleaseScriptingObjects (0ms)
			CreateAndSetChildDomain (1ms)
		EndReloadAssembly (695ms)
			LoadAssemblies (128ms)
			RebuildTransferFunctionScriptingTraits (0ms)
			SetupTypeCache (252ms)
			ReleaseScriptCaches (0ms)
			RebuildScriptCaches (36ms)
			SetupLoadedEditorAssemblies (218ms)
				LogAssemblyErrors (0ms)
				InitializePlatformSupportModulesInManaged (6ms)
				SetLoadedEditorAssemblies (1ms)
				RefreshPlugins (58ms)
				BeforeProcessingInitializeOnLoad (19ms)
				ProcessInitializeOnLoadAttributes (102ms)
				ProcessInitializeOnLoadMethodAttributes (33ms)
				AfterProcessingInitializeOnLoad (0ms)
				EditorAssembliesLoaded (0ms)
			ExecutionOrderSort2 (0ms)
			AwakeInstancesAfterBackupRestoration (0ms)
Platform modules already initialized, skipping
Registering precompiled user dll's ...
Registered in 0.005909 seconds.
Begin MonoManager ReloadAssembly
Native extension for WindowsStandalone target not found
Refreshing native plugins compatible for Editor in 71.38 ms, found 3 plugins.
Preloading 0 native plugins for Editor in 0.00 ms.
Mono: successfully reloaded assembly
- Completed reload, in  1.655 seconds
Domain Reload Profiling:
	ReloadAssembly (1656ms)
		BeginReloadAssembly (217ms)
			ExecutionOrderSort (0ms)
			DisableScriptedObjects (6ms)
			BackupInstance (0ms)
			ReleaseScriptingObjects (0ms)
			CreateAndSetChildDomain (22ms)
		EndReloadAssembly (1333ms)
			LoadAssemblies (160ms)
			RebuildTransferFunctionScriptingTraits (0ms)
			SetupTypeCache (418ms)
			ReleaseScriptCaches (1ms)
			RebuildScriptCaches (62ms)
			SetupLoadedEditorAssemblies (503ms)
				LogAssemblyErrors (0ms)
				InitializePlatformSupportModulesInManaged (5ms)
				SetLoadedEditorAssemblies (0ms)
				RefreshPlugins (71ms)
				BeforeProcessingInitializeOnLoad (133ms)
				ProcessInitializeOnLoadAttributes (243ms)
				ProcessInitializeOnLoadMethodAttributes (30ms)
				AfterProcessingInitializeOnLoad (21ms)
				EditorAssembliesLoaded (0ms)
			ExecutionOrderSort2 (0ms)
			AwakeInstancesAfterBackupRestoration (3ms)
Platform modules already initialized, skipping
========================================================================
Worker process is ready to serve import requests
Launched and connected shader compiler UnityShaderCompiler.exe after 0.07 seconds
Refreshing native plugins compatible for Editor in 0.53 ms, found 3 plugins.
Preloading 0 native plugins for Editor in 0.00 ms.
Unloading 2216 Unused Serialized files (Serialized files now loaded: 0)
System memory in use before: 97.5 MB.
System memory in use after: 97.4 MB.

Unloading 31 unused Assets to reduce memory usage. Loaded Objects now: 2649.
Total: 4.261500 ms (FindLiveObjects: 0.196600 ms CreateObjectMapping: 0.113000 ms MarkObjects: 3.793300 ms  DeleteObjects: 0.157700 ms)

AssetImportParameters requested are different than current active one (requested -> active):
  custom:framework-win-MediaFoundation: 216162199b28c13a410421893ffa2e32 -> 
  custom:video-decoder-ogg-theora: a1e56fd34408186e4bbccfd4996cb3dc -> 
  custom:container-muxer-webm: aa71ff27fc2769a1b78a27578f13a17b -> 
  custom:container-demuxer-webm: 4f35f7cbe854078d1ac9338744f61a02 -> 
  custom:container-demuxer-ogg: 62fdf1f143b41e24485cea50d1cbac27 -> 
  custom:video-encoder-webm-vp8: eb34c28f22e8b96e1ab97ce403110664 -> 
  custom:video-decoder-webm-vp8: 9c59270c3fd7afecdb556c50c9e8de78 -> 
  custom:audio-decoder-ogg-vorbis: bf7c407c2cedff20999df2af8eb42d56 -> 
  custom:audio-encoder-webm-vorbis: bf7c407c2cedff20999df2af8eb42d56 -> 
========================================================================
Received Import Request.
  path: Assets/images/patlama.jpg
  artifactKey: Guid(f395f6c42c2a9c84b83c7d5182025252) Importer(815301076,1909f56bfc062723c751e8b465ee728b)
Start importing Assets/images/patlama.jpg using Guid(f395f6c42c2a9c84b83c7d5182025252) Importer(815301076,1909f56bfc062723c751e8b465ee728b)  -> (artifact id: '600cd07fe52a914db611f77ab1c4c5f0') in 0.181567 seconds 
========================================================================
Received Import Request.
  Time since last request: 71.584737 seconds.
  path: Assets/Scenes/Level1.unity
  artifactKey: Guid(197765598ef492a46bdb7e44c898b167) Importer(815301076,1909f56bfc062723c751e8b465ee728b)
Start importing Assets/Scenes/Level1.unity using Guid(197765598ef492a46bdb7e44c898b167) Importer(815301076,1909f56bfc062723c751e8b465ee728b)  -> (artifact id: '1f54fc423e2bfd20e78b4542223828bd') in 0.006391 seconds 
========================================================================
Received Import Request.
  Time since last request: 44.889679 seconds.
  path: Assets/Meterials/Alev.mat
  artifactKey: Guid(6d5b84187b0b711418c6db7a963f325e) Importer(815301076,1909f56bfc062723c751e8b465ee728b)
Start importing Assets/Meterials/Alev.mat using Guid(6d5b84187b0b711418c6db7a963f325e) Importer(815301076,1909f56bfc062723c751e8b465ee728b)  -> (artifact id: 'dc2e9575aeecaa02fd4d8bf917ddd0b2') in 0.099948 seconds 
========================================================================
Received Prepare
Registering precompiled user dll's ...
Registered in 0.006998 seconds.
Begin MonoManager ReloadAssembly
Native extension for WindowsStandalone target not found
Refreshing native plugins compatible for Editor in 1.45 ms, found 3 plugins.
Preloading 0 native plugins for Editor in 0.00 ms.
Mono: successfully reloaded assembly
- Completed reload, in  2.043 seconds
Domain Reload Profiling:
	ReloadAssembly (2047ms)
		BeginReloadAssembly (436ms)
			ExecutionOrderSort (0ms)
			DisableScriptedObjects (28ms)
			BackupInstance (0ms)
			ReleaseScriptingObjects (0ms)
			CreateAndSetChildDomain (147ms)
		EndReloadAssembly (1440ms)
			LoadAssemblies (283ms)
			RebuildTransferFunctionScriptingTraits (0ms)
			SetupTypeCache (499ms)
			ReleaseScriptCaches (1ms)
			RebuildScriptCaches (61ms)
			SetupLoadedEditorAssemblies (514ms)
				LogAssemblyErrors (0ms)
				InitializePlatformSupportModulesInManaged (7ms)
				SetLoadedEditorAssemblies (1ms)
				RefreshPlugins (2ms)
				BeforeProcessingInitializeOnLoad (176ms)
				ProcessInitializeOnLoadAttributes (283ms)
				ProcessInitializeOnLoadMethodAttributes (22ms)
				AfterProcessingInitializeOnLoad (22ms)
				EditorAssembliesLoaded (0ms)
			ExecutionOrderSort2 (0ms)
			AwakeInstancesAfterBackupRestoration (6ms)
Platform modules already initialized, skipping
Refreshing native plugins compatible for Editor in 0.69 ms, found 3 plugins.
Preloading 0 native plugins for Editor in 0.00 ms.
Unloading 2211 Unused Serialized files (Serialized files now loaded: 0)
System memory in use before: 100.7 MB.
System memory in use after: 100.6 MB.

Unloading 20 unused Assets to reduce memory usage. Loaded Objects now: 2694.
Total: 4.373100 ms (FindLiveObjects: 0.198500 ms CreateObjectMapping: 0.110200 ms MarkObjects: 3.907100 ms  DeleteObjects: 0.155700 ms)

AssetImportParameters requested are different than current active one (requested -> active):
  custom:framework-win-MediaFoundation: 216162199b28c13a410421893ffa2e32 -> 
  custom:video-decoder-ogg-theora: a1e56fd34408186e4bbccfd4996cb3dc -> 
  custom:container-muxer-webm: aa71ff27fc2769a1b78a27578f13a17b -> 
  custom:container-demuxer-webm: 4f35f7cbe854078d1ac9338744f61a02 -> 
  custom:container-demuxer-ogg: 62fdf1f143b41e24485cea50d1cbac27 -> 
  custom:video-encoder-webm-vp8: eb34c28f22e8b96e1ab97ce403110664 -> 
  custom:video-decoder-webm-vp8: 9c59270c3fd7afecdb556c50c9e8de78 -> 
  custom:audio-decoder-ogg-vorbis: bf7c407c2cedff20999df2af8eb42d56 -> 
  custom:audio-encoder-webm-vorbis: bf7c407c2cedff20999df2af8eb42d56 -> 
========================================================================
Received Import Request.
  Time since last request: 272.552352 seconds.
  path: Assets/Prefabs/Patlama.prefab
  artifactKey: Guid(ea7c563585512ed40a8d2c8277c61985) Importer(815301076,1909f56bfc062723c751e8b465ee728b)
Start importing Assets/Prefabs/Patlama.prefab using Guid(ea7c563585512ed40a8d2c8277c61985) Importer(815301076,1909f56bfc062723c751e8b465ee728b)  -> (artifact id: '51876bf29954733da208a7ee3a635935') in 0.079787 seconds 
========================================================================
Received Import Request.
  Time since last request: 18.660607 seconds.
  path: Assets/Prefabs/Crash.prefab
  artifactKey: Guid(ea7c563585512ed40a8d2c8277c61985) Importer(815301076,1909f56bfc062723c751e8b465ee728b)
Start importing Assets/Prefabs/Crash.prefab using Guid(ea7c563585512ed40a8d2c8277c61985) Importer(815301076,1909f56bfc062723c751e8b465ee728b)  -> (artifact id: 'f4e5c30ecb77e2cb13f3fccdcdd7e309') in 0.020912 seconds 
========================================================================
Received Import Request.
  Time since last request: 346.261159 seconds.
  path: Assets/Prefabs/Kirilma.prefab
  artifactKey: Guid(a0c1998e8df90204a9c60ae4cc88acd9) Importer(815301076,1909f56bfc062723c751e8b465ee728b)
Start importing Assets/Prefabs/Kirilma.prefab using Guid(a0c1998e8df90204a9c60ae4cc88acd9) Importer(815301076,1909f56bfc062723c751e8b465ee728b)  -> (artifact id: '0b8bf192e5a4719d1219a0012e22aba1') in 0.023807 seconds 
========================================================================
Received Import Request.
  Time since last request: 141.253019 seconds.
  path: Assets/Scripts/DuvarSes.cs
  artifactKey: Guid(cd17f714a42d7af449e5a62e805b4ef8) Importer(815301076,1909f56bfc062723c751e8b465ee728b)
Start importing Assets/Scripts/DuvarSes.cs using Guid(cd17f714a42d7af449e5a62e805b4ef8) Importer(815301076,1909f56bfc062723c751e8b465ee728b)  -> (artifact id: 'b9052e1b619d3d3717e5dc68babf3fca') in 0.014839 seconds 
========================================================================
Received Import Request.
  Time since last request: 32.645961 seconds.
  path: Assets/Scripts/DuvarSes.cs
  artifactKey: Guid(cd17f714a42d7af449e5a62e805b4ef8) Importer(815301076,1909f56bfc062723c751e8b465ee728b)
Start importing Assets/Scripts/DuvarSes.cs using Guid(cd17f714a42d7af449e5a62e805b4ef8) Importer(815301076,1909f56bfc062723c751e8b465ee728b)  -> (artifact id: 'a7af31951863daf36ab56e4e9682b9c5') in 0.004781 seconds 
========================================================================
Received Import Request.
  Time since last request: 27.411735 seconds.
  path: Assets/Scripts/DuvarSes.cs
  artifactKey: Guid(cd17f714a42d7af449e5a62e805b4ef8) Importer(815301076,1909f56bfc062723c751e8b465ee728b)
Start importing Assets/Scripts/DuvarSes.cs using Guid(cd17f714a42d7af449e5a62e805b4ef8) Importer(815301076,1909f56bfc062723c751e8b465ee728b)  -> (artifact id: 'cd9f51d9ee38845b776ad4b38b73c266') in 0.005671 seconds 
========================================================================
Received Import Request.
  Time since last request: 331.198852 seconds.
  path: Assets/Prefabs/kirmizi.prefab
  artifactKey: Guid(363dc31d7f7c22641875558c01fc0667) Importer(815301076,1909f56bfc062723c751e8b465ee728b)
Start importing Assets/Prefabs/kirmizi.prefab using Guid(363dc31d7f7c22641875558c01fc0667) Importer(815301076,1909f56bfc062723c751e8b465ee728b)  -> (artifact id: 'f9db4d8dd319ccb9ba7523d3e9d3404e') in 0.026782 seconds 
========================================================================
Received Import Request.
  Time since last request: 11.921357 seconds.
  path: Assets/Prefabs/sari.prefab
  artifactKey: Guid(76c22b7573f8a5a4fb40d3e7feed88e3) Importer(815301076,1909f56bfc062723c751e8b465ee728b)
Start importing Assets/Prefabs/sari.prefab using Guid(76c22b7573f8a5a4fb40d3e7feed88e3) Importer(815301076,1909f56bfc062723c751e8b465ee728b)  -> (artifact id: '15d9bff3a33bcdf5260ce002f9ede7ea') in 0.020071 seconds 
========================================================================
Received Import Request.
  Time since last request: 0.000416 seconds.
  path: Assets/Prefabs/yesil.prefab
  artifactKey: Guid(550ea3367df2d1247aba81af1f97ae5b) Importer(815301076,1909f56bfc062723c751e8b465ee728b)
Start importing Assets/Prefabs/yesil.prefab using Guid(550ea3367df2d1247aba81af1f97ae5b) Importer(815301076,1909f56bfc062723c751e8b465ee728b)  -> (artifact id: '06078d053f4aadbcc1bae5d7f4bee5a3') in 0.019567 seconds 
========================================================================
Received Import Request.
  Time since last request: 354.609193 seconds.
  path: Assets/Scripts/Button.cs
  artifactKey: Guid(c285adbadbe414b4fa549b9e4bc7f833) Importer(815301076,1909f56bfc062723c751e8b465ee728b)
Start importing Assets/Scripts/Button.cs using Guid(c285adbadbe414b4fa549b9e4bc7f833) Importer(815301076,1909f56bfc062723c751e8b465ee728b)  -> (artifact id: '2421b96f29a31e992e76b5102ca2b1c7') in 0.006475 seconds 
========================================================================
Received Import Request.
  Time since last request: 0.305242 seconds.
  path: Assets/Scripts/Ball.cs
  artifactKey: Guid(48204ff891a194b4e94d0eb93c496027) Importer(815301076,1909f56bfc062723c751e8b465ee728b)
Start importing Assets/Scripts/Ball.cs using Guid(48204ff891a194b4e94d0eb93c496027) Importer(815301076,1909f56bfc062723c751e8b465ee728b)  -> (artifact id: '78a1079185e1d64ad0853c3f089ef561') in 0.004500 seconds 
========================================================================
Received Import Request.
  Time since last request: 0.863647 seconds.
  path: Assets/Scripts/DownWall.cs
  artifactKey: Guid(f3e382ae72aa81a4db8d2e01d41cf4f3) Importer(815301076,1909f56bfc062723c751e8b465ee728b)
Start importing Assets/Scripts/DownWall.cs using Guid(f3e382ae72aa81a4db8d2e01d41cf4f3) Importer(815301076,1909f56bfc062723c751e8b465ee728b)  -> (artifact id: '93ad55f10eea3109996576b555f93af4') in 0.010056 seconds 
========================================================================
Received Import Request.
  Time since last request: 9.198859 seconds.
  path: Assets/Scripts/ControllWall.cs
  artifactKey: Guid(cd17f714a42d7af449e5a62e805b4ef8) Importer(815301076,1909f56bfc062723c751e8b465ee728b)
Start importing Assets/Scripts/ControllWall.cs using Guid(cd17f714a42d7af449e5a62e805b4ef8) Importer(815301076,1909f56bfc062723c751e8b465ee728b)  -> (artifact id: '92bfee1d3b581658704deeab4ffb3e2d') in 0.006458 seconds 
========================================================================
Received Import Request.
  Time since last request: 8.235159 seconds.
  path: Assets/Scripts/ControllWall.cs
  artifactKey: Guid(cd17f714a42d7af449e5a62e805b4ef8) Importer(815301076,1909f56bfc062723c751e8b465ee728b)
Start importing Assets/Scripts/ControllWall.cs using Guid(cd17f714a42d7af449e5a62e805b4ef8) Importer(815301076,1909f56bfc062723c751e8b465ee728b)  -> (artifact id: '49e2103aa831ae656cf78896782f9402') in 0.005590 seconds 
AssetImportWorkerClient::OnTransportError - code=2 error=End of file
